#
# There is insufficient memory for the Java Runtime Environment to continue.
# Native memory allocation (malloc) failed to allocate 1048576 bytes for AllocateHeap
# Possible reasons:
#   The system is out of physical RAM or swap space
#   In 32 bit mode, the process size limit was hit
# Possible solutions:
#   Reduce memory load on the system
#   Increase physical memory or swap space
#   Check if swap backing store is full
#   Use 64 bit Java on a 64 bit OS
#   Decrease Java heap size (-Xmx/-Xms)
#   Decrease number of Java threads
#   Decrease Java thread stack sizes (-Xss)
#   Set larger code cache with -XX:ReservedCodeCacheSize=
# This output file may be truncated or incomplete.
#
#  Out of Memory Error (memory/allocation.inline.hpp:61), pid=15632, tid=0x0000000000002cf0
#
# JRE version:  (8.0_111-b14) (build )
# Java VM: Java HotSpot(TM) 64-Bit Server VM (25.111-b14 mixed mode windows-amd64 compressed oops)
# Failed to write core dump. Minidumps are not enabled by default on client versions of Windows
#

---------------  T H R E A D  ---------------

Current thread (0x00000000030fe800):  JavaThread "Unknown thread" [_thread_in_vm, id=11504, stack(0x0000000003100000,0x0000000003200000)]

Stack: [0x0000000003100000,0x0000000003200000]
[error occurred during error reporting (printing stack bounds), id 0xc0000005]

Native frames: (J=compiled Java code, j=interpreted, Vv=VM code, C=native code)


---------------  P R O C E S S  ---------------

Java Threads: ( => current thread )

Other Threads:

=>0x00000000030fe800 (exited) JavaThread "Unknown thread" [_thread_in_vm, id=11504, stack(0x0000000003100000,0x0000000003200000)]

VM state:not at safepoint (normal execution)

VM Mutex/Monitor currently owned by a thread: None

Heap:
 PSYoungGen      total 69120K, used 1187K [0x0000000772c00000, 0x0000000777900000, 0x00000007c0000000)
  eden space 59392K, 2% used [0x0000000772c00000,0x0000000772d28f68,0x0000000776600000)
  from space 9728K, 0% used [0x0000000776f80000,0x0000000776f80000,0x0000000777900000)
  to   space 9728K, 0% used [0x0000000776600000,0x0000000776600000,0x0000000776f80000)
 ParOldGen       total 158720K, used 0K [0x00000006d8400000, 0x00000006e1f00000, 0x0000000772c00000)
  object space 158720K, 0% used [0x00000006d8400000,0x00000006d8400000,0x00000006e1f00000)
 Metaspace       used 770K, capacity 4480K, committed 4480K, reserved 1056768K
  class space    used 75K, capacity 384K, committed 384K, reserved 1048576K

Card table byte_map: [0x00000000126c0000,0x0000000012e00000] byte_map_base: 0x000000000effe000

Marking Bits: (ParMarkBitMap*) 0x000000006ebba6c0
 Begin Bits: [0x0000000013ce0000, 0x00000000176d0000)
 End Bits:   [0x00000000176d0000, 0x000000001b0c0000)

Polling page: 0x00000000017f0000

CodeCache: size=245760Kb used=328Kb max_used=328Kb free=245431Kb
 bounds [0x0000000003300000, 0x0000000003570000, 0x0000000012300000]
 total_blobs=58 nmethods=0 adapters=38
 compilation: enabled

Compilation events (0 events):
No events

GC Heap History (0 events):
No events

Deoptimization events (0 events):
No events

Internal exceptions (0 events):
No events

Events (10 events):
Event: 0.021 loading class java/lang/Short
Event: 0.021 loading class java/lang/Short done
Event: 0.021 loading class java/lang/Integer
Event: 0.021 loading class java/lang/Integer done
Event: 0.021 loading class java/lang/Long
Event: 0.021 loading class java/lang/Long done
Event: 0.021 loading class java/lang/NullPointerException
Event: 0.022 loading class java/lang/NullPointerException done
Event: 0.022 loading class java/lang/ArithmeticException
Event: 0.022 loading class java/lang/ArithmeticException done


Dynamic libraries:
0x00007ff653410000 - 0x00007ff653447000 	C:\Program Files\Java\jdk1.8.0_111\jre\bin\java.exe
0x00007ffccf9e0000 - 0x00007ffccfbcd000 	C:\windows\SYSTEM32\ntdll.dll
0x00007ffcccc30000 - 0x00007ffcccce3000 	C:\windows\System32\KERNEL32.dll
0x00007ffcc1750000 - 0x00007ffcc186b000 	C:\Windows\system32\hmpalert.dll
0x00007ffccc440000 - 0x00007ffccc6d3000 	C:\windows\System32\KERNELBASE.dll
0x00007ffccf6b0000 - 0x00007ffccf753000 	C:\windows\System32\ADVAPI32.dll
0x00007ffcccd10000 - 0x00007ffcccdae000 	C:\windows\System32\msvcrt.dll
0x00007ffccf450000 - 0x00007ffccf4ee000 	C:\windows\System32\sechost.dll
0x00007ffccf7e0000 - 0x00007ffccf903000 	C:\windows\System32\RPCRT4.dll
0x00007ffcce5d0000 - 0x00007ffcce767000 	C:\windows\System32\USER32.dll
0x00007ffccc730000 - 0x00007ffccc750000 	C:\windows\System32\win32u.dll
0x00007ffcced80000 - 0x00007ffcceda9000 	C:\windows\System32\GDI32.dll
0x00007ffccc750000 - 0x00007ffccc8ea000 	C:\windows\System32\gdi32full.dll
0x00007ffccc920000 - 0x00007ffccc9c0000 	C:\windows\System32\msvcp_win.dll
0x00007ffcccb10000 - 0x00007ffcccc0c000 	C:\windows\System32\ucrtbase.dll
0x00007ffcbcfc0000 - 0x00007ffcbd239000 	C:\windows\WinSxS\amd64_microsoft.windows.common-controls_6595b64144ccf1df_6.0.17763.107_none_05b63884071e656e\COMCTL32.dll
0x00007ffcccdb0000 - 0x00007ffccd0de000 	C:\windows\System32\combase.dll
0x00007ffccca90000 - 0x00007ffcccb0e000 	C:\windows\System32\bcryptPrimitives.dll
0x00007ffccf980000 - 0x00007ffccf9ae000 	C:\windows\System32\IMM32.DLL
0x000000006e2c0000 - 0x000000006e392000 	C:\Program Files\Java\jdk1.8.0_111\jre\bin\msvcr100.dll
0x000000006e3a0000 - 0x000000006ec3a000 	C:\Program Files\Java\jdk1.8.0_111\jre\bin\server\jvm.dll
0x00007ffcccc10000 - 0x00007ffcccc18000 	C:\windows\System32\PSAPI.DLL
0x00007ffcb4050000 - 0x00007ffcb4059000 	C:\windows\SYSTEM32\WSOCK32.dll
0x00007ffccaa30000 - 0x00007ffccaa3a000 	C:\windows\SYSTEM32\VERSION.dll
0x00007ffcc9ad0000 - 0x00007ffcc9af4000 	C:\windows\SYSTEM32\WINMM.dll
0x00007ffccf910000 - 0x00007ffccf97d000 	C:\windows\System32\WS2_32.dll
0x00007ffcc9aa0000 - 0x00007ffcc9acd000 	C:\windows\SYSTEM32\winmmbase.dll
0x00007ffccc6e0000 - 0x00007ffccc72a000 	C:\windows\System32\cfgmgr32.dll
0x000000006ee30000 - 0x000000006ee3f000 	C:\Program Files\Java\jdk1.8.0_111\jre\bin\verify.dll
0x000000006e250000 - 0x000000006e279000 	C:\Program Files\Java\jdk1.8.0_111\jre\bin\java.dll
0x000000006e230000 - 0x000000006e246000 	C:\Program Files\Java\jdk1.8.0_111\jre\bin\zip.dll

VM Arguments:
java_command: org.netbeans.modules.web.project.ant.JspCSingle -uriroot C:\Users\Kcordon\Documents\NetBeansProjects\Cotizador\build\web -d C:\Users\Kcordon\Documents\NetBeansProjects\Cotizador\build\generated\src -die1 -schemas /resources/schemas/ -dtds /resources/dtds/ -sysClasspath C:\Program Files\NetBeans 8.2\extide\ant\lib\ant.jar;C:\Users\Kcordon\AppData\Roaming\NetBeans\8.2\modules\ext\servlet3.1-jsp2.3-api.jar;C:\Users\Kcordon\AppData\Roaming\NetBeans\8.2\modules\ext\glassfish-jspparser-4.0.jar;C:\Users\Kcordon\AppData\Roaming\NetBeans\8.2\modules\ext\jstl-impl.jar;C:\Users\Kcordon\AppData\Roaming\NetBeans\8.2\modules\ext\jsf-2_2\javax.faces.jar -jspc.files C:\Users\Kcordon\Documents\NetBeansProjects\Cotizador\build\web\Trazabilidad_Contenedores_1.jsp -compilerSourceVM 1.8 -compilerTargetVM 1.8 -javaEncoding UTF-8
java_class_path (initial): C:\Program Files\Java\jdk1.8.0_111\lib\tools.jar;C:\Users\Kcordon\AppData\Roaming\NetBeans\8.2\ant\extra\jspcompile.jar;C:\Program Files\NetBeans 8.2\extide\ant\lib\ant.jar;C:\Users\Kcordon\AppData\Roaming\NetBeans\8.2\modules\ext\servlet3.1-jsp2.3-api.jar;C:\Users\Kcordon\AppData\Roaming\NetBeans\8.2\modules\ext\glassfish-jspparser-4.0.jar;C:\Users\Kcordon\AppData\Roaming\NetBeans\8.2\modules\ext\jsf-2_2\javax.faces.jar;C:\Users\Kcordon\AppData\Roaming\NetBeans\8.2\modules\ext\jstl-api.jar;C:\Program Files\NetBeans 8.2\extide\ant\lib\ant-launcher.jar
Launcher Type: SUN_STANDARD

Environment Variables:
JAVA_HOME=C:\Program Files\Java\jdk1.8.0_231
PATH=C:\Program Files (x86)\Common Files\Oracle\Java\javapath;C:\oraclexe\app\oracle\product\11.2.0\server\bin;;C:\Program Files\Microsoft MPI\Bin\;C:\ProgramData\Oracle\Java\javapath;C:\orant\bin;C:\windows\system32;C:\windows;C:\windows\System32\Wbem;C:\windows\System32\WindowsPowerShell\v1.0\;C:\windows\System32\OpenSSH\;C:\Program Files (x86)\NVIDIA Corporation\PhysX\Common;C:\orant\jdk\bin;C:\Program Files\Git\cmd;C:\Program Files\Java\jdk1.8.0_231;C:\Program Files\Java\jre1.8.0_231;C:\Program Files\nodejs\;C:\Program Files (x86)\Intel\Intel(R) Management Engine Components\DAL;C:\Program Files\Intel\Intel(R) Management Engine Components\DAL;C:\Program Files\PuTTY\;C:\Users\Kcordon\AppData\Local\Microsoft\WindowsApps;C:\ProgramData\Oracle\Java\javapath;C:\Users\Kcordon\AppData\Local\GitHubDesktop\bin;C:\ProgramData\kcordon\atom\bin;C:\Users\Kcordon\AppData\Roaming\npm;C:\Users\Kcordon\AppData\Local\Programs\Microsoft VS Code\bin;C:\Users\Kcordon\AppData\Local\Google\Cloud SDK\google-cloud-sdk\bin
USERNAME=kcordon
OS=Windows_NT
PROCESSOR_IDENTIFIER=Intel64 Family 6 Model 158 Stepping 10, GenuineIntel



---------------  S Y S T E M  ---------------

OS: Windows 10.0 , 64 bit Build 17763 (10.0.17763.1)

CPU:total 12 (6 cores per cpu, 2 threads per core) family 6 model 158 stepping 10, cmov, cx8, fxsr, mmx, sse, sse2, sse3, ssse3, sse4.1, sse4.2, popcnt, avx, avx2, aes, clmul, erms, rtm, 3dnowpref, lzcnt, ht, tsc, tscinvbit, bmi1, bmi2, adx

Memory: 4k page, physical 15183144k(2987056k free), swap 15183144k(5376k free)

vm_info: Java HotSpot(TM) 64-Bit Server VM (25.111-b14) for windows-amd64 JRE (1.8.0_111-b14), built on Sep 22 2016 19:24:05 by "java_re" with MS VC++ 10.0 (VS2010)

time: Fri Jun 04 18:29:40 2021
elapsed time: 0 seconds (0d 0h 0m 0s)

